<?xml version="1.0" encoding="UTF-8"?>
<!-- Generated by org.testng.reporters.JUnitXMLReporter -->
<testsuite ignored="1" hostname="SANKET" failures="0" tests="1" name="Default test" time="5.692" errors="0" timestamp="2025-07-26T17:43:04 IST">
  <testcase classname="com.tka.test.registration.testcases.RegistrationTestCases" name="invalidCrediential" time="0.087"/>
  <testcase classname="com.tka.test.registration.testcases.RegistrationTestCases" name="validCreadiential" time="0.0">
    <ignored/>
  </testcase> <!-- validCreadiential -->
</testsuite> <!-- Default test -->
