<?xml version="1.0" encoding="UTF-8"?>
<testng-results ignored="1" total="2" passed="1" failed="0" skipped="0">
  <reporter-output>
  </reporter-output>
  <suite started-at="2025-07-26T17:42:58 IST" name="Default suite" finished-at="2025-07-26T17:43:04 IST" duration-ms="5692">
    <groups>
    </groups>
    <test started-at="2025-07-26T17:42:58 IST" name="Default test" finished-at="2025-07-26T17:43:04 IST" duration-ms="5692">
      <class name="com.tka.test.registration.testcases.RegistrationTestCases">
        <test-method is-config="true" signature="setup()[pri:0, instance:com.tka.test.registration.testcases.RegistrationTestCases@5bf0d49]" started-at="2025-07-26T17:42:58 IST" name="setup" finished-at="2025-07-26T17:43:03 IST" duration-ms="5325" status="PASS">
          <reporter-output>
          </reporter-output>
        </test-method> <!-- setup -->
        <test-method signature="invalidCrediential()[pri:0, instance:com.tka.test.registration.testcases.RegistrationTestCases@5bf0d49]" started-at="2025-07-26T17:43:03 IST" name="invalidCrediential" finished-at="2025-07-26T17:43:04 IST" duration-ms="87" status="PASS">
          <reporter-output>
          </reporter-output>
        </test-method> <!-- invalidCrediential -->
        <test-method is-config="true" signature="closeBrowser()[pri:0, instance:com.tka.test.registration.testcases.RegistrationTestCases@5bf0d49]" started-at="2025-07-26T17:43:04 IST" name="closeBrowser" finished-at="2025-07-26T17:43:04 IST" duration-ms="244" status="PASS">
          <reporter-output>
          </reporter-output>
        </test-method> <!-- closeBrowser -->
      </class> <!-- com.tka.test.registration.testcases.RegistrationTestCases -->
    </test> <!-- Default test -->
  </suite> <!-- Default suite -->
</testng-results>
